<?xml version="1.0" encoding="UTF-8"?>
<!-- Generated by org.testng.reporters.JUnitReportReporter -->
<testsuite hostname="PE-HO-507" failures="0" tests="1" name="Test_Login.Login_Test" time="34.436" errors="0" timestamp="2022-10-11T18:52:18 COT" skipped="0">
  <testcase classname="Test_Login.Login_Test" name="inicioDeSesion_Test" time="34.436"/>
  <system-out/>
</testsuite> <!-- Test_Login.Login_Test -->
