<?xml version="1.0" encoding="UTF-8"?>
<!-- Generated by org.testng.reporters.JUnitReportReporter -->
<testsuite hostname="PE-HO-507" failures="0" tests="1" name="Test_AsignacionVigencia.AsignacionVigencia_Test" time="64.605" errors="0" timestamp="2022-10-19T21:29:33 COT" skipped="0">
  <testcase classname="Test_AsignacionVigencia.AsignacionVigencia_Test" name="SeleccionarVigencia" time="64.605"/>
  <system-out/>
</testsuite> <!-- Test_AsignacionVigencia.AsignacionVigencia_Test -->
