<?xml version="1.0" encoding="UTF-8"?>
<!-- Generated by org.testng.reporters.JUnitReportReporter -->
<testsuite hostname="PE-HO-ATH-075" failures="0" tests="1" name="com.GuiaUnica.GuiasRO.test.GuiasGeneradas_Test" time="50.740" errors="0" timestamp="05 may. 2022 23:14:12 GMT" skipped="0">
  <testcase classname="com.GuiaUnica.GuiasRO.test.GuiasGeneradas_Test" name="pedidosDeDevolucionGestionados_Test" time="50.740"/>
</testsuite> <!-- com.GuiaUnica.GuiasRO.test.GuiasGeneradas_Test -->
