<?xml version="1.0" encoding="UTF-8"?>
<!-- Generated by org.testng.reporters.JUnitReportReporter -->
<testsuite hostname="PE-HO-507" failures="0" tests="1" name="Test_AsignacionVigencia.AsignacionVigencia_Test" time="56.884" errors="0" timestamp="2022-10-19T12:15:15 COT" skipped="0">
  <testcase classname="Test_AsignacionVigencia.AsignacionVigencia_Test" name="inicioDeSesion_Test" time="56.884"/>
  <system-out/>
</testsuite> <!-- Test_AsignacionVigencia.AsignacionVigencia_Test -->
