<?xml version="1.0" encoding="UTF-8"?>
<!-- Generated by org.testng.reporters.JUnitReportReporter -->
<testsuite hostname="PE-HO-507" failures="0" tests="1" name="com.GuiaUnica.Account.test.Login_Test" time="30.276" errors="0" timestamp="2022-10-11T17:41:49 COT" skipped="0">
  <testcase classname="com.GuiaUnica.Account.test.Login_Test" name="inicioDeSesion_Test" time="30.276"/>
  <system-out/>
</testsuite> <!-- com.GuiaUnica.Account.test.Login_Test -->
